00:00:00.854221 VirtualBox GUI VM Selector Window 6.1.6 r137129 win.amd64 (Apr  9 2020 19:01:29) release log
00:00:00.854225 Log opened 2020-10-27T08:13:44.313086500Z
00:00:00.854226 Build Type: release
00:00:00.854231 OS Product: Windows 10
00:00:00.854233 OS Release: 10.0.19041
00:00:00.854234 OS Service Pack: 
00:00:00.869376 DMI Product Name: TUF Gaming FX505GT_FX505GT
00:00:00.874168 DMI Product Version: 1.0
00:00:00.874183 Firmware type: UEFI
00:00:00.874464 Secure Boot: VERR_PRIVILEGE_NOT_HELD
00:00:00.874479 Host RAM: 8043MB (7.8GB) total, 3665MB (3.5GB) available
00:00:00.874484 Executable: C:\Program Files\Oracle\VirtualBox\VirtualBox.exe
00:00:00.874485 Process ID: 13376
00:00:00.874485 Package type: WINDOWS_64BITS_GENERIC
00:00:00.874602 Qt version: 5.6.2
00:00:00.891749 GUI: UIMediumEnumerator: Medium-enumeration started...
00:00:01.556470 GUI: UIMediumEnumerator: Medium-enumeration finished!
00:04:29.774542 GUI: UIMediumEnumerator: Medium-enumeration finished!
00:27:06.647069 GUI: UIMediumEnumerator: Medium-enumeration finished!
00:27:07.905686 GUI: UIMediumEnumerator: Medium-enumeration finished!
00:27:08.019484 GUI: UIMediumEnumerator: Medium-enumeration finished!
00:27:17.465307 GUI: UICommon::sltHandleCommitDataRequest: Emergency shutdown initiated
