00:00:00.003027 main     VirtualBox COM Server 6.1.6 r137129 win.amd64 (Apr  9 2020 19:01:29) release log
00:00:00.003030 main     Log opened 2020-10-27T08:13:43.684753800Z
00:00:00.003031 main     Build Type: release
00:00:00.003037 main     OS Product: Windows 10
00:00:00.003038 main     OS Release: 10.0.19041
00:00:00.003039 main     OS Service Pack: 
00:00:00.025603 main     DMI Product Name: TUF Gaming FX505GT_FX505GT
00:00:00.041761 main     DMI Product Version: 1.0
00:00:00.041775 main     Firmware type: UEFI
00:00:00.042056 main     Secure Boot: VERR_PRIVILEGE_NOT_HELD
00:00:00.042078 main     Host RAM: 8043MB (7.8GB) total, 3673MB (3.5GB) available
00:00:00.042085 main     Executable: C:\Program Files\Oracle\VirtualBox\VBoxSVC.exe
00:00:00.042086 main     Process ID: 15480
00:00:00.042087 main     Package type: WINDOWS_64BITS_GENERIC
00:00:00.108880          VirtualBox: object creation starts
00:00:00.109129          Home directory: 'C:\Users\singl\.VirtualBox'
00:00:00.109235          Installed Drivers:
00:00:00.115330            C:\WINDOWS\system32\DRIVERS\VBoxNetLwf.sys (Version: 6.1.6.37129)
00:00:00.115985            C:\WINDOWS\system32\DRIVERS\VBoxUSBMon.sys (Version: 6.1.6.37129)
00:00:00.116463            C:\WINDOWS\system32\DRIVERS\VBoxDrv.sys (Version: 6.1.6.37129)
00:00:00.117168            C:\WINDOWS\System32\drivers\VBoxNetAdp6.sys (Version: 6.1.6.37129)
00:00:00.126653          Loading settings file "C:\Users\singl\.VirtualBox\VirtualBox.xml" with version "1.12-windows"
00:00:00.128101          usbLibGetDevices: Starting USB device enumeration
00:00:00.156496          Getting USB descriptor (id 0) failed (dwErr=31) on hub USB#ROOT_HUB30#4&393adc3c&0&0#{f18a0e88-c30c-11d0-8815-00a0c906bed8} port 11
00:00:00.156682          Getting USB descriptor (id 0) failed (dwErr=31) on hub USB#ROOT_HUB30#4&393adc3c&0&0#{f18a0e88-c30c-11d0-8815-00a0c906bed8} port 14
00:00:00.160670          usbLibGetDevices: Found 2 USB devices, 0 captured
00:00:00.160776          USB: Unknown USB device detected (idVendor: 0x13d3, idProduct: 0x56a2)
00:00:00.160852          USB: Unknown USB device detected (idVendor: 0x8087, idProduct: 0x0aaa)
00:00:00.385859          netIfIsWireless: CreateFile on '\\.\{7ACF5E9B-5D51-4933-940F-8B00E38E4E8C}' failed with rcWin=2 (0x2) - ignoring
00:00:00.407634          HostDnsMonitor: initializing
00:00:00.426796          HostDnsMonitor: updating information
00:00:00.426859          HostDnsMonitor: old information
00:00:00.426866            no server entries
00:00:00.426869            no domain set
00:00:00.426870            no search string entries
00:00:00.426872          HostDnsMonitor: new information
00:00:00.426873            server 1: 192.168.43.1
00:00:00.426876            no domain set
00:00:00.426877            no search string entries
00:00:00.552854          VD: VDInit finished with VINF_SUCCESS
00:00:00.560499          Loading settings file "C:\Users\singl\VirtualBox VMs\Redhat\Redhat.vbox" with version "1.16-windows"
00:00:00.569255          Loading settings file "C:\Users\singl\VirtualBox VMs\Ubuntu\Ubuntu.vbox" with version "1.16-windows"
00:00:00.578261          Loading settings file "C:\Users\singl\VirtualBox VMs\Kali Linux\Kali Linux.vbox" with version "1.16-windows"
00:00:00.579090          VirtualBox: object created
00:00:30.127552 USBPROXY usbLibGetDevices: Starting USB device enumeration
00:00:30.144103 USBPROXY Getting USB descriptor (id 0) failed (dwErr=31) on hub USB#ROOT_HUB30#4&393adc3c&0&0#{f18a0e88-c30c-11d0-8815-00a0c906bed8} port 11
00:00:30.144193 USBPROXY Getting USB descriptor (id 0) failed (dwErr=31) on hub USB#ROOT_HUB30#4&393adc3c&0&0#{f18a0e88-c30c-11d0-8815-00a0c906bed8} port 14
00:00:30.144354 USBPROXY usbLibGetDevices: Found 2 USB devices, 0 captured
00:01:08.848145 USBPROXY usbLibGetDevices: Starting USB device enumeration
00:01:08.863673 USBPROXY Getting USB descriptor (id 0) failed (dwErr=31) on hub USB#ROOT_HUB30#4&393adc3c&0&0#{f18a0e88-c30c-11d0-8815-00a0c906bed8} port 11
00:01:08.863757 USBPROXY Getting USB descriptor (id 0) failed (dwErr=31) on hub USB#ROOT_HUB30#4&393adc3c&0&0#{f18a0e88-c30c-11d0-8815-00a0c906bed8} port 14
00:01:08.863980 USBPROXY usbLibGetDevices: Found 2 USB devices, 0 captured
00:01:34.413366 dns-monitor HostDnsMonitor: updating information
00:01:34.413577 dns-monitor HostDnsMonitor: unchanged
00:01:44.159808 USBPROXY usbLibGetDevices: Starting USB device enumeration
00:01:44.178534 USBPROXY Getting USB descriptor (id 0) failed (dwErr=31) on hub USB#ROOT_HUB30#4&393adc3c&0&0#{f18a0e88-c30c-11d0-8815-00a0c906bed8} port 11
00:01:44.178796 USBPROXY Getting USB descriptor (id 0) failed (dwErr=31) on hub USB#ROOT_HUB30#4&393adc3c&0&0#{f18a0e88-c30c-11d0-8815-00a0c906bed8} port 14
00:01:44.179205 USBPROXY usbLibGetDevices: Found 2 USB devices, 0 captured
00:01:46.450225 dns-monitor HostDnsMonitor: updating information
00:01:46.450265 dns-monitor HostDnsMonitor: unchanged
00:01:49.141346 USBPROXY usbLibGetDevices: Starting USB device enumeration
00:01:49.158057 USBPROXY Getting USB descriptor (id 0) failed (dwErr=31) on hub USB#ROOT_HUB30#4&393adc3c&0&0#{f18a0e88-c30c-11d0-8815-00a0c906bed8} port 11
00:01:49.158211 USBPROXY Getting USB descriptor (id 0) failed (dwErr=31) on hub USB#ROOT_HUB30#4&393adc3c&0&0#{f18a0e88-c30c-11d0-8815-00a0c906bed8} port 14
00:01:49.158488 USBPROXY usbLibGetDevices: Found 2 USB devices, 0 captured
00:01:49.963004 USBPROXY usbLibGetDevices: Starting USB device enumeration
00:01:49.981345 USBPROXY Getting USB descriptor (id 0) failed (dwErr=31) on hub USB#ROOT_HUB30#4&393adc3c&0&0#{f18a0e88-c30c-11d0-8815-00a0c906bed8} port 11
00:01:49.981740 USBPROXY Getting USB descriptor (id 0) failed (dwErr=31) on hub USB#ROOT_HUB30#4&393adc3c&0&0#{f18a0e88-c30c-11d0-8815-00a0c906bed8} port 14
00:01:49.982312 USBPROXY usbLibGetDevices: Found 2 USB devices, 0 captured
00:01:50.004561 dns-monitor HostDnsMonitor: updating information
00:01:50.004625 dns-monitor HostDnsMonitor: unchanged
00:01:52.502156 dns-monitor HostDnsMonitor: updating information
00:01:52.502204 dns-monitor HostDnsMonitor: unchanged
00:01:53.244482 USBPROXY usbLibGetDevices: Starting USB device enumeration
00:01:53.261539 USBPROXY Getting USB descriptor (id 0) failed (dwErr=31) on hub USB#ROOT_HUB30#4&393adc3c&0&0#{f18a0e88-c30c-11d0-8815-00a0c906bed8} port 11
00:01:53.261733 USBPROXY Getting USB descriptor (id 0) failed (dwErr=31) on hub USB#ROOT_HUB30#4&393adc3c&0&0#{f18a0e88-c30c-11d0-8815-00a0c906bed8} port 14
00:01:53.262095 USBPROXY usbLibGetDevices: Found 2 USB devices, 0 captured
00:01:57.407891 USBPROXY usbLibGetDevices: Starting USB device enumeration
00:01:57.423795 USBPROXY Getting USB descriptor (id 0) failed (dwErr=31) on hub USB#ROOT_HUB30#4&393adc3c&0&0#{f18a0e88-c30c-11d0-8815-00a0c906bed8} port 11
00:01:57.423942 USBPROXY Getting USB descriptor (id 0) failed (dwErr=31) on hub USB#ROOT_HUB30#4&393adc3c&0&0#{f18a0e88-c30c-11d0-8815-00a0c906bed8} port 14
00:01:57.424224 USBPROXY usbLibGetDevices: Found 2 USB devices, 0 captured
00:04:12.905165          Launched VM: 68077136 pid: 14824 (0x39e8) frontend: GUI/Qt name: Kali Linux
00:04:17.924133          ERROR [COM]: aRC=VBOX_E_OBJECT_NOT_FOUND (0x80bb0001) aIID={70401eef-c8e9-466b-9660-45cb3e9979e4} aComponent={ExtPackManagerWrap} aText={No extension pack by the name 'Oracle VM VirtualBox Extension Pack' was found}, preserve=false aResultDetail=0
00:04:18.295889          ERROR [COM]: aRC=VBOX_E_IPRT_ERROR (0x80bb0005) aIID={85632c68-b5bb-4316-a900-5eb28d3413df} aComponent={SessionMachine} aText={Saved screenshot data is not available (VERR_NOT_SUPPORTED)}, preserve=false aResultDetail=-37
00:04:18.563664          netIfIsWireless: CreateFile on '\\.\{7ACF5E9B-5D51-4933-940F-8B00E38E4E8C}' failed with rcWin=2 (0x2) - ignoring
00:04:29.502785          Saving settings file "C:\Users\singl\VirtualBox VMs\Kali Linux\Kali Linux.vbox" with version "1.16-windows"
00:04:30.304244          netIfIsWireless: CreateFile on '\\.\{7ACF5E9B-5D51-4933-940F-8B00E38E4E8C}' failed with rcWin=2 (0x2) - ignoring
00:13:16.016665 USBPROXY usbLibGetDevices: Starting USB device enumeration
00:13:16.034646 USBPROXY Getting USB descriptor (id 0) failed (dwErr=31) on hub USB#ROOT_HUB30#4&393adc3c&0&0#{f18a0e88-c30c-11d0-8815-00a0c906bed8} port 11
00:13:16.034884 USBPROXY Getting USB descriptor (id 0) failed (dwErr=31) on hub USB#ROOT_HUB30#4&393adc3c&0&0#{f18a0e88-c30c-11d0-8815-00a0c906bed8} port 14
00:13:16.035294 USBPROXY usbLibGetDevices: Found 2 USB devices, 0 captured
00:16:49.667726 dns-monitor HostDnsMonitor: updating information
00:16:49.667754 dns-monitor HostDnsMonitor: unchanged
00:16:53.720498 dns-monitor HostDnsMonitor: updating information
00:16:53.720550 dns-monitor HostDnsMonitor: unchanged
00:22:47.882261 USBPROXY usbLibGetDevices: Starting USB device enumeration
00:22:47.895376 USBPROXY Getting USB descriptor (id 0) failed (dwErr=31) on hub USB#ROOT_HUB30#4&393adc3c&0&0#{f18a0e88-c30c-11d0-8815-00a0c906bed8} port 11
00:22:47.895457 USBPROXY Getting USB descriptor (id 0) failed (dwErr=31) on hub USB#ROOT_HUB30#4&393adc3c&0&0#{f18a0e88-c30c-11d0-8815-00a0c906bed8} port 14
00:22:47.895624 USBPROXY usbLibGetDevices: Found 2 USB devices, 0 captured
00:27:06.347948          Saving settings file "C:\Users\singl\VirtualBox VMs\Kali Linux\Kali Linux.vbox" with version "1.16-windows"
00:27:06.442183          Saving settings file "C:\Users\singl\VirtualBox VMs\Kali Linux\Kali Linux.vbox" with version "1.16-windows"
00:27:07.608473          Saving settings file "C:\Users\singl\VirtualBox VMs\Kali Linux\Kali Linux.vbox" with version "1.16-windows"
00:27:07.746845          Saving settings file "C:\Users\singl\VirtualBox VMs\Kali Linux\Kali Linux.vbox" with version "1.16-windows"
00:27:17.361927          Saving settings file "C:\Users\singl\.VirtualBox\VirtualBox.xml" with version "1.12-windows"
00:27:17.712958          Saving settings file "C:\Users\singl\.VirtualBox\VirtualBox.xml" with version "1.12-windows"
00:27:17.750024          Saving settings file "C:\Users\singl\.VirtualBox\VirtualBox.xml" with version "1.12-windows"
00:27:18.941751 main     VirtualBox: object deletion starts
00:27:18.943725 main     ERROR [COM]: aRC=VBOX_E_OBJECT_IN_USE (0x80bb000c) aIID={ad47ad09-787b-44ab-b343-a082a3f2dfb1} aComponent={MediumWrap} aText={Medium 'C:\Users\singl\VirtualBox VMs\Redhat\Redhat.vdi' cannot be closed because it is still attached to 1 virtual machines}, preserve=false aResultDetail=0
